<?xml version="1.0" encoding="utf-8"?><testsuites name="pytest tests"><testsuite name="pytest" errors="0" failures="0" skipped="0" tests="32" time="5.722" timestamp="2026-06-05T05:13:50.243978+00:00" hostname="agent-env-6e237280-2ec3-4d86-8f27-2114cf262a88"><testcase classname="backend.tests.backend_test.TestPublic" name="test_root" time="1.019" /><testcase classname="backend.tests.backend_test.TestPublic" name="test_categories" time="0.046" /><testcase classname="backend.tests.backend_test.TestPublic" name="test_settings_public" time="0.048" /><testcase classname="backend.tests.backend_test.TestPublic" name="test_vehicles_list_no_filter" time="0.057" /><testcase classname="backend.tests.backend_test.TestPublic" name="test_vehicles_filter_category" time="0.050" /><testcase classname="backend.tests.backend_test.TestPublic" name="test_vehicles_filter_brand_year_price_uf" time="0.048" /><testcase classname="backend.tests.backend_test.TestPublic" name="test_vehicles_filter_city" time="0.049" /><testcase classname="backend.tests.backend_test.TestPublic" name="test_vehicle_detail_by_slug" time="0.096" /><testcase classname="backend.tests.backend_test.TestPublic" name="test_vehicle_detail_404" time="0.048" /><testcase classname="backend.tests.backend_test.TestPublic" name="test_dealers_list" time="0.047" /><testcase classname="backend.tests.backend_test.TestPublic" name="test_dealer_detail_by_slug" time="0.093" /><testcase classname="backend.tests.backend_test.TestPublic" name="test_dealer_detail_404" time="0.046" /><testcase classname="backend.tests.backend_test.TestAuth" name="test_admin_login_sets_cookies" time="0.351" /><testcase classname="backend.tests.backend_test.TestAuth" name="test_login_invalid" time="0.267" /><testcase classname="backend.tests.backend_test.TestAuth" name="test_me_requires_auth" time="0.107" /><testcase classname="backend.tests.backend_test.TestAuth" name="test_me_with_admin" time="0.367" /><testcase classname="backend.tests.backend_test.TestAuth" name="test_logout_clears_cookies" time="0.448" /><testcase classname="backend.tests.backend_test.TestAuth" name="test_register_creates_pending" time="0.051" /><testcase classname="backend.tests.backend_test.TestAuth" name="test_register_duplicate_email" time="0.137" /><testcase classname="backend.tests.backend_test.TestDealer" name="test_pending_cannot_create_vehicle" time="0.060" /><testcase classname="backend.tests.backend_test.TestDealer" name="test_dealer_update_profile" time="0.479" /><testcase classname="backend.tests.backend_test.TestDealer" name="test_dealer_vehicles_list_empty" time="0.052" /><testcase classname="backend.tests.backend_test.TestDealer" name="test_dealer_create_edit_delete_vehicle" time="0.289" /><testcase classname="backend.tests.backend_test.TestDealer" name="test_admin_cannot_use_dealer_endpoints" time="0.047" /><testcase classname="backend.tests.backend_test.TestAdmin" name="test_admin_users_list" time="0.049" /><testcase classname="backend.tests.backend_test.TestAdmin" name="test_admin_users_requires_admin" time="0.046" /><testcase classname="backend.tests.backend_test.TestAdmin" name="test_admin_vehicles_list" time="0.056" /><testcase classname="backend.tests.backend_test.TestAdmin" name="test_admin_moderate_vehicle" time="0.249" /><testcase classname="backend.tests.backend_test.TestAdmin" name="test_admin_notifications" time="0.051" /><testcase classname="backend.tests.backend_test.TestAdmin" name="test_admin_settings_get_and_update" time="0.259" /><testcase classname="backend.tests.backend_test.TestSEO" name="test_robots_txt" time="0.045" /><testcase classname="backend.tests.backend_test.TestSEO" name="test_sitemap_xml" time="0.500" /></testsuite></testsuites>