<?xml version="1.0" encoding="utf-8"?><testsuites name="pytest tests"><testsuite name="pytest" errors="0" failures="0" skipped="0" tests="39" time="6.198" timestamp="2026-06-05T05:38:33.235419+00:00" hostname="agent-env-6e237280-2ec3-4d86-8f27-2114cf262a88"><testcase classname="backend.tests.backend_test.TestPublic" name="test_root" time="0.529" /><testcase classname="backend.tests.backend_test.TestPublic" name="test_categories" time="0.047" /><testcase classname="backend.tests.backend_test.TestPublic" name="test_settings_public" time="0.045" /><testcase classname="backend.tests.backend_test.TestPublic" name="test_vehicles_list_no_filter" time="0.053" /><testcase classname="backend.tests.backend_test.TestPublic" name="test_vehicles_filter_category" time="0.048" /><testcase classname="backend.tests.backend_test.TestPublic" name="test_vehicles_filter_brand_year_price_uf" time="0.046" /><testcase classname="backend.tests.backend_test.TestPublic" name="test_vehicles_filter_city" time="0.045" /><testcase classname="backend.tests.backend_test.TestPublic" name="test_vehicle_detail_by_slug" time="0.096" /><testcase classname="backend.tests.backend_test.TestPublic" name="test_vehicle_detail_404" time="0.082" /><testcase classname="backend.tests.backend_test.TestPublic" name="test_dealers_list" time="0.045" /><testcase classname="backend.tests.backend_test.TestPublic" name="test_dealer_detail_by_slug" time="0.086" /><testcase classname="backend.tests.backend_test.TestPublic" name="test_dealer_detail_404" time="0.045" /><testcase classname="backend.tests.backend_test.TestAuth" name="test_admin_login_sets_cookies" time="0.371" /><testcase classname="backend.tests.backend_test.TestAuth" name="test_login_invalid" time="0.268" /><testcase classname="backend.tests.backend_test.TestAuth" name="test_me_requires_auth" time="0.094" /><testcase classname="backend.tests.backend_test.TestAuth" name="test_me_with_admin" time="0.377" /><testcase classname="backend.tests.backend_test.TestAuth" name="test_logout_clears_cookies" time="0.409" /><testcase classname="backend.tests.backend_test.TestAuth" name="test_register_creates_pending" time="0.050" /><testcase classname="backend.tests.backend_test.TestAuth" name="test_register_duplicate_email" time="0.102" /><testcase classname="backend.tests.backend_test.TestDealer" name="test_pending_cannot_create_vehicle" time="0.045" /><testcase classname="backend.tests.backend_test.TestDealer" name="test_dealer_update_profile" time="0.425" /><testcase classname="backend.tests.backend_test.TestDealer" name="test_dealer_vehicles_list_empty" time="0.047" /><testcase classname="backend.tests.backend_test.TestDealer" name="test_dealer_create_edit_delete_vehicle" time="0.232" /><testcase classname="backend.tests.backend_test.TestDealer" name="test_admin_cannot_use_dealer_endpoints" time="0.049" /><testcase classname="backend.tests.backend_test.TestAdmin" name="test_admin_users_list" time="0.046" /><testcase classname="backend.tests.backend_test.TestAdmin" name="test_admin_users_requires_admin" time="0.043" /><testcase classname="backend.tests.backend_test.TestAdmin" name="test_admin_vehicles_list" time="0.060" /><testcase classname="backend.tests.backend_test.TestAdmin" name="test_admin_moderate_vehicle" time="0.257" /><testcase classname="backend.tests.backend_test.TestAdmin" name="test_admin_notifications" time="0.048" /><testcase classname="backend.tests.backend_test.TestAdmin" name="test_admin_settings_get_and_update" time="0.248" /><testcase classname="backend.tests.backend_test.TestAdminNew" name="test_admin_stats" time="0.065" /><testcase classname="backend.tests.backend_test.TestAdminNew" name="test_admin_stats_requires_admin" time="0.064" /><testcase classname="backend.tests.backend_test.TestAdminNew" name="test_admin_vehicle_status_full_cycle" time="0.610" /><testcase classname="backend.tests.backend_test.TestAdminNew" name="test_admin_vehicles_filter_by_status" time="0.047" /><testcase classname="backend.tests.backend_test.TestSeedCampoGrande" name="test_campo_grande_vehicles_count" time="0.045" /><testcase classname="backend.tests.backend_test.TestSeedCampoGrande" name="test_campo_grande_dealers" time="0.046" /><testcase classname="backend.tests.backend_test.TestPublicActiveOnly" name="test_pending_vehicle_404_public" time="0.374" /><testcase classname="backend.tests.backend_test.TestSEO" name="test_robots_txt" time="0.044" /><testcase classname="backend.tests.backend_test.TestSEO" name="test_sitemap_xml" time="0.440" /></testsuite></testsuites>